<?xml version="1.0" encoding="UTF-8"?>
<testng-results skipped="0" failed="0" total="1" passed="1">
  <reporter-output>
  </reporter-output>
  <suite name="Default suite" duration-ms="126949" started-at="2018-06-07T12:33:04Z" finished-at="2018-06-07T12:35:10Z">
    <groups>
    </groups>
    <test name="Default test" duration-ms="126949" started-at="2018-06-07T12:33:04Z" finished-at="2018-06-07T12:35:10Z">
      <class name="com.cast.tools.util.TestTomcatInstallationsListLoader">
        <test-method status="PASS" signature="testFetchTomcatInstallationsList()[pri:0, instance:com.cast.tools.util.TestTomcatInstallationsListLoader@65466a6a]" name="testFetchTomcatInstallationsList" duration-ms="126884" started-at="2018-06-07T18:03:04Z" finished-at="2018-06-07T18:05:10Z">
          <reporter-output>
          </reporter-output>
        </test-method> <!-- testFetchTomcatInstallationsList -->
      </class> <!-- com.cast.tools.util.TestTomcatInstallationsListLoader -->
    </test> <!-- Default test -->
  </suite> <!-- Default suite -->
</testng-results>
